<?xml version="1.0" encoding="UTF-8"?>
<!-- Generated by org.testng.reporters.JUnitXMLReporter -->
<testsuite hostname="tony-Aspire-A515-54" ignored="0" name="book-flight-2" tests="5" failures="0" timestamp="19 Apr 2020 17:43:49 GMT" time="42.409" errors="0">
  <testcase name="registrationPage" time="6.078" classname="newtours.test.BookFlightTest"/>
  <testcase name="registrationConfirmationPage" time="1.209" classname="newtours.test.BookFlightTest"/>
  <testcase name="flightDetailsPage" time="0.766" classname="newtours.test.BookFlightTest"/>
  <testcase name="findFlightPage" time="1.079" classname="newtours.test.BookFlightTest"/>
  <testcase name="flightConfirmationPage" time="0.747" classname="newtours.test.BookFlightTest"/>
</testsuite> <!-- book-flight-2 -->
