<?xml version="1.0" encoding="UTF-8"?>
<!-- Generated by org.testng.reporters.JUnitXMLReporter -->
<testsuite hostname="tony-Aspire-A515-54" ignored="0" name="book-flight-1" tests="5" failures="0" timestamp="19 Apr 2020 17:43:18 GMT" time="11.662" errors="0">
  <testcase name="registrationPage" time="5.978" classname="newtours.test.BookFlightTest"/>
  <testcase name="registrationConfirmationPage" time="0.708" classname="newtours.test.BookFlightTest"/>
  <testcase name="flightDetailsPage" time="0.542" classname="newtours.test.BookFlightTest"/>
  <testcase name="findFlightPage" time="1.116" classname="newtours.test.BookFlightTest"/>
  <testcase name="flightConfirmationPage" time="0.698" classname="newtours.test.BookFlightTest"/>
</testsuite> <!-- book-flight-1 -->
