<?xml version="1.0" encoding="UTF-8"?>
<!-- Generated by org.testng.reporters.JUnitXMLReporter -->
<testsuite hostname="tony-Aspire-A515-54" ignored="0" name="book-flight-4" tests="5" failures="0" timestamp="19 Apr 2020 17:43:37 GMT" time="30.486" errors="0">
  <testcase name="registrationPage" time="3.55" classname="newtours.test.BookFlightTest"/>
  <testcase name="registrationConfirmationPage" time="0.661" classname="newtours.test.BookFlightTest"/>
  <testcase name="flightDetailsPage" time="0.74" classname="newtours.test.BookFlightTest"/>
  <testcase name="findFlightPage" time="2.028" classname="newtours.test.BookFlightTest"/>
  <testcase name="flightConfirmationPage" time="0.799" classname="newtours.test.BookFlightTest"/>
</testsuite> <!-- book-flight-4 -->
